<?xml version="1.0" encoding="UTF-8"?>
<robot generator="Robot 5.0 (Python 3.10.4 on darwin)" generated="20220620 11:21:39.361" rpa="false" schemaversion="3">
<suite id="s1" name="Beta" source="/Users/luiscalderon/PycharmProjects/Connectsmoke/Tests/Beta.robot">
<test id="s1-t1" name="TC_Trip_History_Filters" line="7">
<kw name="Open_Ikon_Connect" library="K_Login">
<kw name="Open Application" library="AppiumLibrary">
<var>${connect}</var>
<arg>http://localhost:4723/wd/hub</arg>
<arg>platformName=Android</arg>
<arg>deviceName=R58M82NQQ6F</arg>
<arg>appPackage=com.ikontechnologies.henkelcdjr.connect</arg>
<arg>appActivity=com.ikontechnologies.iconnect.MainActivity</arg>
<arg>automationName=Uiautomator2</arg>
<doc>Opens a new application to given Appium server.
Capabilities of appium server, Android and iOS,
Please check https://github.com/appium/appium/blob/master/docs/en/writing-running-appium/server-args.md
| *Option*            | *Man.* | *Description*     |
| remote_url          | Yes    | Appium server url |
| alias               | no     | alias             |</doc>
<msg timestamp="20220620 11:21:44.876" level="INFO">${connect} = 1</msg>
<status status="PASS" starttime="20220620 11:21:39.487" endtime="20220620 11:21:44.876"/>
</kw>
<status status="PASS" starttime="20220620 11:21:39.486" endtime="20220620 11:21:44.876"/>
</kw>
<kw name="Terms" library="K_Login">
<kw name="Sleep" library="BuiltIn">
<arg>2</arg>
<doc>Pauses the test executed for the given time.</doc>
<msg timestamp="20220620 11:21:46.877" level="INFO">Slept 2 seconds</msg>
<status status="PASS" starttime="20220620 11:21:44.876" endtime="20220620 11:21:46.877"/>
</kw>
<for flavor="IN RANGE">
<var>${i}</var>
<value>0</value>
<value>15</value>
<iter>
<var name="${i}">0</var>
<kw name="Swipe" library="AppiumLibrary">
<arg>580</arg>
<arg>1782</arg>
<arg>518</arg>
<arg>474</arg>
<doc>Swipe from one point to another point, for an optional duration.</doc>
<status status="PASS" starttime="20220620 11:21:46.878" endtime="20220620 11:21:47.982"/>
</kw>
<status status="PASS" starttime="20220620 11:21:46.878" endtime="20220620 11:21:47.983"/>
</iter>
<iter>
<var name="${i}">1</var>
<kw name="Swipe" library="AppiumLibrary">
<arg>580</arg>
<arg>1782</arg>
<arg>518</arg>
<arg>474</arg>
<doc>Swipe from one point to another point, for an optional duration.</doc>
<status status="PASS" starttime="20220620 11:21:47.983" endtime="20220620 11:21:49.030"/>
</kw>
<status status="PASS" starttime="20220620 11:21:47.983" endtime="20220620 11:21:49.030"/>
</iter>
<iter>
<var name="${i}">2</var>
<kw name="Swipe" library="AppiumLibrary">
<arg>580</arg>
<arg>1782</arg>
<arg>518</arg>
<arg>474</arg>
<doc>Swipe from one point to another point, for an optional duration.</doc>
<status status="PASS" starttime="20220620 11:21:49.030" endtime="20220620 11:21:50.112"/>
</kw>
<status status="PASS" starttime="20220620 11:21:49.030" endtime="20220620 11:21:50.112"/>
</iter>
<iter>
<var name="${i}">3</var>
<kw name="Swipe" library="AppiumLibrary">
<arg>580</arg>
<arg>1782</arg>
<arg>518</arg>
<arg>474</arg>
<doc>Swipe from one point to another point, for an optional duration.</doc>
<status status="PASS" starttime="20220620 11:21:50.112" endtime="20220620 11:21:51.179"/>
</kw>
<status status="PASS" starttime="20220620 11:21:50.112" endtime="20220620 11:21:51.179"/>
</iter>
<iter>
<var name="${i}">4</var>
<kw name="Swipe" library="AppiumLibrary">
<arg>580</arg>
<arg>1782</arg>
<arg>518</arg>
<arg>474</arg>
<doc>Swipe from one point to another point, for an optional duration.</doc>
<status status="PASS" starttime="20220620 11:21:51.179" endtime="20220620 11:21:52.232"/>
</kw>
<status status="PASS" starttime="20220620 11:21:51.179" endtime="20220620 11:21:52.232"/>
</iter>
<iter>
<var name="${i}">5</var>
<kw name="Swipe" library="AppiumLibrary">
<arg>580</arg>
<arg>1782</arg>
<arg>518</arg>
<arg>474</arg>
<doc>Swipe from one point to another point, for an optional duration.</doc>
<status status="PASS" starttime="20220620 11:21:52.232" endtime="20220620 11:21:53.283"/>
</kw>
<status status="PASS" starttime="20220620 11:21:52.232" endtime="20220620 11:21:53.284"/>
</iter>
<iter>
<var name="${i}">6</var>
<kw name="Swipe" library="AppiumLibrary">
<arg>580</arg>
<arg>1782</arg>
<arg>518</arg>
<arg>474</arg>
<doc>Swipe from one point to another point, for an optional duration.</doc>
<status status="PASS" starttime="20220620 11:21:53.284" endtime="20220620 11:21:54.340"/>
</kw>
<status status="PASS" starttime="20220620 11:21:53.284" endtime="20220620 11:21:54.340"/>
</iter>
<iter>
<var name="${i}">7</var>
<kw name="Swipe" library="AppiumLibrary">
<arg>580</arg>
<arg>1782</arg>
<arg>518</arg>
<arg>474</arg>
<doc>Swipe from one point to another point, for an optional duration.</doc>
<status status="PASS" starttime="20220620 11:21:54.340" endtime="20220620 11:21:55.425"/>
</kw>
<status status="PASS" starttime="20220620 11:21:54.340" endtime="20220620 11:21:55.425"/>
</iter>
<iter>
<var name="${i}">8</var>
<kw name="Swipe" library="AppiumLibrary">
<arg>580</arg>
<arg>1782</arg>
<arg>518</arg>
<arg>474</arg>
<doc>Swipe from one point to another point, for an optional duration.</doc>
<status status="PASS" starttime="20220620 11:21:55.425" endtime="20220620 11:21:56.477"/>
</kw>
<status status="PASS" starttime="20220620 11:21:55.425" endtime="20220620 11:21:56.477"/>
</iter>
<iter>
<var name="${i}">9</var>
<kw name="Swipe" library="AppiumLibrary">
<arg>580</arg>
<arg>1782</arg>
<arg>518</arg>
<arg>474</arg>
<doc>Swipe from one point to another point, for an optional duration.</doc>
<status status="PASS" starttime="20220620 11:21:56.477" endtime="20220620 11:21:57.532"/>
</kw>
<status status="PASS" starttime="20220620 11:21:56.477" endtime="20220620 11:21:57.532"/>
</iter>
<iter>
<var name="${i}">10</var>
<kw name="Swipe" library="AppiumLibrary">
<arg>580</arg>
<arg>1782</arg>
<arg>518</arg>
<arg>474</arg>
<doc>Swipe from one point to another point, for an optional duration.</doc>
<status status="PASS" starttime="20220620 11:21:57.533" endtime="20220620 11:21:58.585"/>
</kw>
<status status="PASS" starttime="20220620 11:21:57.532" endtime="20220620 11:21:58.585"/>
</iter>
<iter>
<var name="${i}">11</var>
<kw name="Swipe" library="AppiumLibrary">
<arg>580</arg>
<arg>1782</arg>
<arg>518</arg>
<arg>474</arg>
<doc>Swipe from one point to another point, for an optional duration.</doc>
<status status="PASS" starttime="20220620 11:21:58.585" endtime="20220620 11:21:59.640"/>
</kw>
<status status="PASS" starttime="20220620 11:21:58.585" endtime="20220620 11:21:59.640"/>
</iter>
<iter>
<var name="${i}">12</var>
<kw name="Swipe" library="AppiumLibrary">
<arg>580</arg>
<arg>1782</arg>
<arg>518</arg>
<arg>474</arg>
<doc>Swipe from one point to another point, for an optional duration.</doc>
<status status="PASS" starttime="20220620 11:21:59.641" endtime="20220620 11:22:00.692"/>
</kw>
<status status="PASS" starttime="20220620 11:21:59.640" endtime="20220620 11:22:00.692"/>
</iter>
<iter>
<var name="${i}">13</var>
<kw name="Swipe" library="AppiumLibrary">
<arg>580</arg>
<arg>1782</arg>
<arg>518</arg>
<arg>474</arg>
<doc>Swipe from one point to another point, for an optional duration.</doc>
<status status="PASS" starttime="20220620 11:22:00.692" endtime="20220620 11:22:01.725"/>
</kw>
<status status="PASS" starttime="20220620 11:22:00.692" endtime="20220620 11:22:01.725"/>
</iter>
<iter>
<var name="${i}">14</var>
<kw name="Swipe" library="AppiumLibrary">
<arg>580</arg>
<arg>1782</arg>
<arg>518</arg>
<arg>474</arg>
<doc>Swipe from one point to another point, for an optional duration.</doc>
<status status="PASS" starttime="20220620 11:22:01.726" endtime="20220620 11:22:02.797"/>
</kw>
<status status="PASS" starttime="20220620 11:22:01.726" endtime="20220620 11:22:02.797"/>
</iter>
<status status="PASS" starttime="20220620 11:21:46.878" endtime="20220620 11:22:02.797"/>
</for>
<kw name="Click Element" library="AppiumLibrary">
<arg>${btn_login}</arg>
<doc>Click element identified by `locator`.</doc>
<msg timestamp="20220620 11:22:02.800" level="INFO">Clicking element '//*[@content-desc="Accept terms and conditions"]'.</msg>
<status status="PASS" starttime="20220620 11:22:02.797" endtime="20220620 11:22:03.619"/>
</kw>
<status status="PASS" starttime="20220620 11:21:44.876" endtime="20220620 11:22:03.620"/>
</kw>
<kw name="Login" library="K_Login">
<kw name="Log To Console" library="BuiltIn">
<arg>"*******************START_LOGIN*********************"</arg>
<doc>Logs the given message to the console.</doc>
<status status="PASS" starttime="20220620 11:22:03.620" endtime="20220620 11:22:03.620"/>
</kw>
<kw name="Tap" library="AppiumLibrary">
<arg>${l_show_password}</arg>
<doc>Tap element identified by ``locator``. </doc>
<status status="PASS" starttime="20220620 11:22:03.620" endtime="20220620 11:22:04.416"/>
</kw>
<kw name="Tap" library="AppiumLibrary">
<arg>${l_email}</arg>
<doc>Tap element identified by ``locator``. </doc>
<status status="PASS" starttime="20220620 11:22:04.416" endtime="20220620 11:22:05.449"/>
</kw>
<kw name="Input Text" library="AppiumLibrary">
<arg>${l_email}</arg>
<arg>javierikon3@mailinator.com</arg>
<doc>Types the given `text` into text field identified by `locator`.</doc>
<msg timestamp="20220620 11:22:05.452" level="INFO">Typing text 'javierikon3@mailinator.com' into text field '//hierarchy/android.widget.FrameLayout[1]/android.widget.LinearLayout[1]/android.widget.FrameLayout[1]/android.widget.FrameLayout[1]/android.view.View[1]/android.view.View[1]/android.view.View[1]/android.view.View[1]/android.view.View[1]/android.widget.ScrollView[1]/android.widget.EditText[1]'</msg>
<status status="PASS" starttime="20220620 11:22:05.449" endtime="20220620 11:22:05.652"/>
</kw>
<kw name="Tap" library="AppiumLibrary">
<arg>${l_password}</arg>
<doc>Tap element identified by ``locator``. </doc>
<status status="PASS" starttime="20220620 11:22:05.652" endtime="20220620 11:22:06.421"/>
</kw>
<kw name="Input Password" library="AppiumLibrary">
<arg>${l_password}</arg>
<arg>Ikon1234</arg>
<doc>Types the given password into text field identified by `locator`.</doc>
<msg timestamp="20220620 11:22:06.425" level="INFO">Typing password into text field '//hierarchy/android.widget.FrameLayout[1]/android.widget.LinearLayout[1]/android.widget.FrameLayout[1]/android.widget.FrameLayout[1]/android.view.View[1]/android.view.View[1]/android.view.View[1]/android.view.View[1]/android.view.View[1]/android.widget.ScrollView[1]/android.widget.EditText[2]'</msg>
<status status="PASS" starttime="20220620 11:22:06.421" endtime="20220620 11:22:07.248"/>
</kw>
<kw name="Tap" library="AppiumLibrary">
<arg>${l_logo}</arg>
<doc>Tap element identified by ``locator``. </doc>
<status status="PASS" starttime="20220620 11:22:07.249" endtime="20220620 11:22:08.073"/>
</kw>
<kw name="Tap" library="AppiumLibrary">
<arg>${l_btn_sign_in}</arg>
<doc>Tap element identified by ``locator``. </doc>
<status status="PASS" starttime="20220620 11:22:08.073" endtime="20220620 11:22:09.029"/>
</kw>
<kw name="Sleep" library="BuiltIn">
<arg>5</arg>
<doc>Pauses the test executed for the given time.</doc>
<msg timestamp="20220620 11:22:14.030" level="INFO">Slept 5 seconds</msg>
<status status="PASS" starttime="20220620 11:22:09.029" endtime="20220620 11:22:14.030"/>
</kw>
<kw name="Log To Console" library="BuiltIn">
<arg>"*******************END_LOGIN*********************"</arg>
<doc>Logs the given message to the console.</doc>
<status status="PASS" starttime="20220620 11:22:14.030" endtime="20220620 11:22:14.030"/>
</kw>
<status status="PASS" starttime="20220620 11:22:03.620" endtime="20220620 11:22:14.030"/>
</kw>
<kw name="Swipe" library="AppiumLibrary">
<arg>580</arg>
<arg>1782</arg>
<arg>518</arg>
<arg>474</arg>
<doc>Swipe from one point to another point, for an optional duration.</doc>
<status status="PASS" starttime="20220620 11:22:14.030" endtime="20220620 11:22:15.133"/>
</kw>
<kw name="Sleep" library="BuiltIn">
<arg>3</arg>
<doc>Pauses the test executed for the given time.</doc>
<msg timestamp="20220620 11:22:18.134" level="INFO">Slept 3 seconds</msg>
<status status="PASS" starttime="20220620 11:22:15.133" endtime="20220620 11:22:18.134"/>
</kw>
<kw name="Tap" library="AppiumLibrary">
<arg>//*[@content-desc="View trip history"]</arg>
<doc>Tap element identified by ``locator``. </doc>
<status status="PASS" starttime="20220620 11:22:18.134" endtime="20220620 11:22:19.360"/>
</kw>
<kw name="Sleep" library="BuiltIn">
<arg>3</arg>
<doc>Pauses the test executed for the given time.</doc>
<msg timestamp="20220620 11:22:22.362" level="INFO">Slept 3 seconds</msg>
<status status="PASS" starttime="20220620 11:22:19.360" endtime="20220620 11:22:22.362"/>
</kw>
<kw name="Tap" library="AppiumLibrary">
<arg>//*[@content-desc="Today"]</arg>
<doc>Tap element identified by ``locator``. </doc>
<status status="PASS" starttime="20220620 11:22:22.362" endtime="20220620 11:22:22.715"/>
</kw>
<kw name="Sleep" library="BuiltIn">
<arg>3</arg>
<doc>Pauses the test executed for the given time.</doc>
<msg timestamp="20220620 11:22:25.717" level="INFO">Slept 3 seconds</msg>
<status status="PASS" starttime="20220620 11:22:22.715" endtime="20220620 11:22:25.717"/>
</kw>
<kw name="Tap" library="AppiumLibrary">
<arg>//hierarchy/android.widget.FrameLayout[1]/android.widget.LinearLayout[1]/android.widget.FrameLayout[1]/android.widget.FrameLayout[1]/android.view.View[1]/android.view.View[1]/android.view.View[1]/android.view.View[1]/android.view.View[1]/android.view.View[1]/android.view.View[5]</arg>
<doc>Tap element identified by ``locator``. </doc>
<status status="PASS" starttime="20220620 11:22:25.717" endtime="20220620 11:22:26.671"/>
</kw>
<kw name="Sleep" library="BuiltIn">
<arg>8</arg>
<doc>Pauses the test executed for the given time.</doc>
<msg timestamp="20220620 11:22:34.672" level="INFO">Slept 8 seconds</msg>
<status status="PASS" starttime="20220620 11:22:26.671" endtime="20220620 11:22:34.672"/>
</kw>
<kw name="Tap" library="AppiumLibrary">
<arg>//*[@content-desc="15, Wednesday, June 15, 2022"]</arg>
<doc>Tap element identified by ``locator``. </doc>
<status status="PASS" starttime="20220620 11:22:34.672" endtime="20220620 11:22:35.687"/>
</kw>
<kw name="Sleep" library="BuiltIn">
<arg>3</arg>
<doc>Pauses the test executed for the given time.</doc>
<msg timestamp="20220620 11:22:38.688" level="INFO">Slept 3 seconds</msg>
<status status="PASS" starttime="20220620 11:22:35.688" endtime="20220620 11:22:38.688"/>
</kw>
<kw name="Tap" library="AppiumLibrary">
<arg>//*[@content-desc="25, Saturday, June 25, 2022"]</arg>
<doc>Tap element identified by ``locator``. </doc>
<status status="PASS" starttime="20220620 11:22:38.688" endtime="20220620 11:22:39.699"/>
</kw>
<kw name="Sleep" library="BuiltIn">
<arg>3</arg>
<doc>Pauses the test executed for the given time.</doc>
<msg timestamp="20220620 11:22:42.701" level="INFO">Slept 3 seconds</msg>
<status status="PASS" starttime="20220620 11:22:39.699" endtime="20220620 11:22:42.701"/>
</kw>
<kw name="Tap" library="AppiumLibrary">
<arg>//*[@content-desc="SAVE"]</arg>
<doc>Tap element identified by ``locator``. </doc>
<status status="PASS" starttime="20220620 11:22:42.701" endtime="20220620 11:22:44.756"/>
</kw>
<kw name="Sleep" library="BuiltIn">
<arg>5</arg>
<doc>Pauses the test executed for the given time.</doc>
<msg timestamp="20220620 11:22:49.758" level="INFO">Slept 5 seconds</msg>
<status status="PASS" starttime="20220620 11:22:44.756" endtime="20220620 11:22:49.758"/>
</kw>
<kw name="Tap" library="AppiumLibrary">
<arg>//*[@content-desc="Sort by most recent"]</arg>
<doc>Tap element identified by ``locator``. </doc>
<status status="PASS" starttime="20220620 11:22:49.758" endtime="20220620 11:22:50.842"/>
</kw>
<kw name="Sleep" library="BuiltIn">
<arg>3</arg>
<doc>Pauses the test executed for the given time.</doc>
<msg timestamp="20220620 11:22:53.844" level="INFO">Slept 3 seconds</msg>
<status status="PASS" starttime="20220620 11:22:50.842" endtime="20220620 11:22:53.844"/>
</kw>
<kw name="Tap" library="AppiumLibrary">
<arg>//*[@content-desc="Oldest"]</arg>
<doc>Tap element identified by ``locator``. </doc>
<status status="PASS" starttime="20220620 11:22:53.844" endtime="20220620 11:22:55.684"/>
</kw>
<kw name="Sleep" library="BuiltIn">
<arg>5</arg>
<doc>Pauses the test executed for the given time.</doc>
<msg timestamp="20220620 11:23:00.685" level="INFO">Slept 5 seconds</msg>
<status status="PASS" starttime="20220620 11:22:55.684" endtime="20220620 11:23:00.685"/>
</kw>
<kw name="Close Application" library="AppiumLibrary">
<doc>Closes the current application and also close webdriver session.</doc>
<status status="PASS" starttime="20220620 11:23:00.685" endtime="20220620 11:23:01.019"/>
</kw>
<status status="PASS" starttime="20220620 11:21:39.486" endtime="20220620 11:23:01.019"/>
</test>
<status status="PASS" starttime="20220620 11:21:39.363" endtime="20220620 11:23:01.020"/>
</suite>
<statistics>
<total>
<stat pass="1" fail="0" skip="0">All Tests</stat>
</total>
<tag>
</tag>
<suite>
<stat pass="1" fail="0" skip="0" id="s1" name="Beta">Beta</stat>
</suite>
</statistics>
<errors>
<msg timestamp="20220620 11:21:39.485" level="ERROR">Error in file '/Users/luiscalderon/PycharmProjects/Connectsmoke/Tests/Beta.robot' on line 4: Error in file '/Users/luiscalderon/PycharmProjects/Connectsmoke/Resources/Keywords/K_Dashboard_Trip_History.robot' on line 8: Resource file with 'Test Cases' section is invalid.</msg>
</errors>
</robot>
