<?xml version="1.0" encoding="UTF-8"?>
<robot generator="Robot 5.0 (Python 3.10.4 on darwin)" generated="20220614 12:27:39.066" rpa="false" schemaversion="3">
<suite id="s1" name="Beta" source="/Users/luiscalderon/PycharmProjects/Connectsmoke/Tests/Beta.robot">
<test id="s1-t1" name="Mydealer_Module" line="9">
<kw name="Open_Ikon_Connect" library="K_Login">
<kw name="Open Application" library="AppiumLibrary">
<var>${connect}</var>
<arg>http://localhost:4723/wd/hub</arg>
<arg>platformName=Android</arg>
<arg>deviceName=R58M82NQQ6F</arg>
<arg>appPackage=com.ikontechnologies.henkelcdjr.connect</arg>
<arg>appActivity=com.ikontechnologies.iconnect.MainActivity</arg>
<arg>automationName=Uiautomator2</arg>
<doc>Opens a new application to given Appium server.
Capabilities of appium server, Android and iOS,
Please check https://github.com/appium/appium/blob/master/docs/en/writing-running-appium/server-args.md
| *Option*            | *Man.* | *Description*     |
| remote_url          | Yes    | Appium server url |
| alias               | no     | alias             |</doc>
<msg timestamp="20220614 12:27:46.788" level="INFO">${connect} = 1</msg>
<status status="PASS" starttime="20220614 12:27:39.232" endtime="20220614 12:27:46.788"/>
</kw>
<status status="PASS" starttime="20220614 12:27:39.231" endtime="20220614 12:27:46.788"/>
</kw>
<kw name="Terms" library="K_Login">
<kw name="Sleep" library="BuiltIn">
<arg>2</arg>
<doc>Pauses the test executed for the given time.</doc>
<msg timestamp="20220614 12:27:48.789" level="INFO">Slept 2 seconds</msg>
<status status="PASS" starttime="20220614 12:27:46.789" endtime="20220614 12:27:48.790"/>
</kw>
<for flavor="IN RANGE">
<var>${i}</var>
<value>0</value>
<value>15</value>
<iter>
<var name="${i}">0</var>
<kw name="Swipe" library="AppiumLibrary">
<arg>580</arg>
<arg>1782</arg>
<arg>518</arg>
<arg>474</arg>
<doc>Swipe from one point to another point, for an optional duration.</doc>
<status status="PASS" starttime="20220614 12:27:48.790" endtime="20220614 12:27:49.972"/>
</kw>
<status status="PASS" starttime="20220614 12:27:48.790" endtime="20220614 12:27:49.972"/>
</iter>
<iter>
<var name="${i}">1</var>
<kw name="Swipe" library="AppiumLibrary">
<arg>580</arg>
<arg>1782</arg>
<arg>518</arg>
<arg>474</arg>
<doc>Swipe from one point to another point, for an optional duration.</doc>
<status status="PASS" starttime="20220614 12:27:49.973" endtime="20220614 12:27:51.064"/>
</kw>
<status status="PASS" starttime="20220614 12:27:49.973" endtime="20220614 12:27:51.064"/>
</iter>
<iter>
<var name="${i}">2</var>
<kw name="Swipe" library="AppiumLibrary">
<arg>580</arg>
<arg>1782</arg>
<arg>518</arg>
<arg>474</arg>
<doc>Swipe from one point to another point, for an optional duration.</doc>
<status status="PASS" starttime="20220614 12:27:51.064" endtime="20220614 12:27:52.144"/>
</kw>
<status status="PASS" starttime="20220614 12:27:51.064" endtime="20220614 12:27:52.144"/>
</iter>
<iter>
<var name="${i}">3</var>
<kw name="Swipe" library="AppiumLibrary">
<arg>580</arg>
<arg>1782</arg>
<arg>518</arg>
<arg>474</arg>
<doc>Swipe from one point to another point, for an optional duration.</doc>
<status status="PASS" starttime="20220614 12:27:52.145" endtime="20220614 12:27:53.227"/>
</kw>
<status status="PASS" starttime="20220614 12:27:52.144" endtime="20220614 12:27:53.227"/>
</iter>
<iter>
<var name="${i}">4</var>
<kw name="Swipe" library="AppiumLibrary">
<arg>580</arg>
<arg>1782</arg>
<arg>518</arg>
<arg>474</arg>
<doc>Swipe from one point to another point, for an optional duration.</doc>
<status status="PASS" starttime="20220614 12:27:53.228" endtime="20220614 12:27:54.328"/>
</kw>
<status status="PASS" starttime="20220614 12:27:53.228" endtime="20220614 12:27:54.328"/>
</iter>
<iter>
<var name="${i}">5</var>
<kw name="Swipe" library="AppiumLibrary">
<arg>580</arg>
<arg>1782</arg>
<arg>518</arg>
<arg>474</arg>
<doc>Swipe from one point to another point, for an optional duration.</doc>
<status status="PASS" starttime="20220614 12:27:54.328" endtime="20220614 12:27:55.429"/>
</kw>
<status status="PASS" starttime="20220614 12:27:54.328" endtime="20220614 12:27:55.429"/>
</iter>
<iter>
<var name="${i}">6</var>
<kw name="Swipe" library="AppiumLibrary">
<arg>580</arg>
<arg>1782</arg>
<arg>518</arg>
<arg>474</arg>
<doc>Swipe from one point to another point, for an optional duration.</doc>
<status status="PASS" starttime="20220614 12:27:55.429" endtime="20220614 12:27:56.509"/>
</kw>
<status status="PASS" starttime="20220614 12:27:55.429" endtime="20220614 12:27:56.509"/>
</iter>
<iter>
<var name="${i}">7</var>
<kw name="Swipe" library="AppiumLibrary">
<arg>580</arg>
<arg>1782</arg>
<arg>518</arg>
<arg>474</arg>
<doc>Swipe from one point to another point, for an optional duration.</doc>
<status status="PASS" starttime="20220614 12:27:56.509" endtime="20220614 12:27:57.595"/>
</kw>
<status status="PASS" starttime="20220614 12:27:56.509" endtime="20220614 12:27:57.595"/>
</iter>
<iter>
<var name="${i}">8</var>
<kw name="Swipe" library="AppiumLibrary">
<arg>580</arg>
<arg>1782</arg>
<arg>518</arg>
<arg>474</arg>
<doc>Swipe from one point to another point, for an optional duration.</doc>
<status status="PASS" starttime="20220614 12:27:57.595" endtime="20220614 12:27:58.711"/>
</kw>
<status status="PASS" starttime="20220614 12:27:57.595" endtime="20220614 12:27:58.711"/>
</iter>
<iter>
<var name="${i}">9</var>
<kw name="Swipe" library="AppiumLibrary">
<arg>580</arg>
<arg>1782</arg>
<arg>518</arg>
<arg>474</arg>
<doc>Swipe from one point to another point, for an optional duration.</doc>
<status status="PASS" starttime="20220614 12:27:58.712" endtime="20220614 12:27:59.796"/>
</kw>
<status status="PASS" starttime="20220614 12:27:58.712" endtime="20220614 12:27:59.796"/>
</iter>
<iter>
<var name="${i}">10</var>
<kw name="Swipe" library="AppiumLibrary">
<arg>580</arg>
<arg>1782</arg>
<arg>518</arg>
<arg>474</arg>
<doc>Swipe from one point to another point, for an optional duration.</doc>
<status status="PASS" starttime="20220614 12:27:59.796" endtime="20220614 12:28:00.878"/>
</kw>
<status status="PASS" starttime="20220614 12:27:59.796" endtime="20220614 12:28:00.878"/>
</iter>
<iter>
<var name="${i}">11</var>
<kw name="Swipe" library="AppiumLibrary">
<arg>580</arg>
<arg>1782</arg>
<arg>518</arg>
<arg>474</arg>
<doc>Swipe from one point to another point, for an optional duration.</doc>
<status status="PASS" starttime="20220614 12:28:00.878" endtime="20220614 12:28:01.943"/>
</kw>
<status status="PASS" starttime="20220614 12:28:00.878" endtime="20220614 12:28:01.944"/>
</iter>
<iter>
<var name="${i}">12</var>
<kw name="Swipe" library="AppiumLibrary">
<arg>580</arg>
<arg>1782</arg>
<arg>518</arg>
<arg>474</arg>
<doc>Swipe from one point to another point, for an optional duration.</doc>
<status status="PASS" starttime="20220614 12:28:01.944" endtime="20220614 12:28:03.026"/>
</kw>
<status status="PASS" starttime="20220614 12:28:01.944" endtime="20220614 12:28:03.026"/>
</iter>
<iter>
<var name="${i}">13</var>
<kw name="Swipe" library="AppiumLibrary">
<arg>580</arg>
<arg>1782</arg>
<arg>518</arg>
<arg>474</arg>
<doc>Swipe from one point to another point, for an optional duration.</doc>
<status status="PASS" starttime="20220614 12:28:03.026" endtime="20220614 12:28:04.109"/>
</kw>
<status status="PASS" starttime="20220614 12:28:03.026" endtime="20220614 12:28:04.109"/>
</iter>
<iter>
<var name="${i}">14</var>
<kw name="Swipe" library="AppiumLibrary">
<arg>580</arg>
<arg>1782</arg>
<arg>518</arg>
<arg>474</arg>
<doc>Swipe from one point to another point, for an optional duration.</doc>
<status status="PASS" starttime="20220614 12:28:04.109" endtime="20220614 12:28:05.192"/>
</kw>
<status status="PASS" starttime="20220614 12:28:04.109" endtime="20220614 12:28:05.192"/>
</iter>
<status status="PASS" starttime="20220614 12:27:48.790" endtime="20220614 12:28:05.192"/>
</for>
<kw name="Click Element" library="AppiumLibrary">
<arg>${btn_login}</arg>
<doc>Click element identified by `locator`.</doc>
<msg timestamp="20220614 12:28:05.196" level="INFO">Clicking element '//*[@content-desc="Accept terms and conditions"]'.</msg>
<status status="PASS" starttime="20220614 12:28:05.192" endtime="20220614 12:28:05.602"/>
</kw>
<status status="PASS" starttime="20220614 12:27:46.788" endtime="20220614 12:28:05.602"/>
</kw>
<kw name="Login" library="K_Login">
<kw name="Log To Console" library="BuiltIn">
<arg>"*******************START_LOGIN*********************"</arg>
<doc>Logs the given message to the console.</doc>
<status status="PASS" starttime="20220614 12:28:05.602" endtime="20220614 12:28:05.602"/>
</kw>
<kw name="Tap" library="AppiumLibrary">
<arg>${l_show_password}</arg>
<doc>Tap element identified by ``locator``. </doc>
<status status="PASS" starttime="20220614 12:28:05.602" endtime="20220614 12:28:07.003"/>
</kw>
<kw name="Tap" library="AppiumLibrary">
<arg>${l_email}</arg>
<doc>Tap element identified by ``locator``. </doc>
<status status="PASS" starttime="20220614 12:28:07.003" endtime="20220614 12:28:07.409"/>
</kw>
<kw name="Input Text" library="AppiumLibrary">
<arg>${l_email}</arg>
<arg>javierikon3@mailinator.com</arg>
<doc>Types the given `text` into text field identified by `locator`.</doc>
<msg timestamp="20220614 12:28:07.412" level="INFO">Typing text 'javierikon3@mailinator.com' into text field '//hierarchy/android.widget.FrameLayout[1]/android.widget.LinearLayout[1]/android.widget.FrameLayout[1]/android.widget.FrameLayout[1]/android.view.View[1]/android.view.View[1]/android.view.View[1]/android.view.View[1]/android.view.View[1]/android.widget.ScrollView[1]/android.widget.EditText[1]'</msg>
<status status="PASS" starttime="20220614 12:28:07.409" endtime="20220614 12:28:08.356"/>
</kw>
<kw name="Tap" library="AppiumLibrary">
<arg>${l_password}</arg>
<doc>Tap element identified by ``locator``. </doc>
<status status="PASS" starttime="20220614 12:28:08.357" endtime="20220614 12:28:09.150"/>
</kw>
<kw name="Input Password" library="AppiumLibrary">
<arg>${l_password}</arg>
<arg>Ikon1234</arg>
<doc>Types the given password into text field identified by `locator`.</doc>
<msg timestamp="20220614 12:28:09.155" level="INFO">Typing password into text field '//hierarchy/android.widget.FrameLayout[1]/android.widget.LinearLayout[1]/android.widget.FrameLayout[1]/android.widget.FrameLayout[1]/android.view.View[1]/android.view.View[1]/android.view.View[1]/android.view.View[1]/android.view.View[1]/android.widget.ScrollView[1]/android.widget.EditText[2]'</msg>
<status status="PASS" starttime="20220614 12:28:09.151" endtime="20220614 12:28:09.964"/>
</kw>
<kw name="Tap" library="AppiumLibrary">
<arg>${l_logo}</arg>
<doc>Tap element identified by ``locator``. </doc>
<status status="PASS" starttime="20220614 12:28:09.964" endtime="20220614 12:28:10.711"/>
</kw>
<kw name="Tap" library="AppiumLibrary">
<arg>${l_btn_sign_in}</arg>
<doc>Tap element identified by ``locator``. </doc>
<status status="PASS" starttime="20220614 12:28:10.712" endtime="20220614 12:28:11.684"/>
</kw>
<kw name="Sleep" library="BuiltIn">
<arg>5</arg>
<doc>Pauses the test executed for the given time.</doc>
<msg timestamp="20220614 12:28:16.687" level="INFO">Slept 5 seconds</msg>
<status status="PASS" starttime="20220614 12:28:11.685" endtime="20220614 12:28:16.688"/>
</kw>
<kw name="Log To Console" library="BuiltIn">
<arg>"*******************END_LOGIN*********************"</arg>
<doc>Logs the given message to the console.</doc>
<status status="PASS" starttime="20220614 12:28:16.688" endtime="20220614 12:28:16.688"/>
</kw>
<status status="PASS" starttime="20220614 12:28:05.602" endtime="20220614 12:28:16.689"/>
</kw>
<kw name="Enter_To_MyDealer_Menu" library="K_Dashboard">
<kw name="Tap" library="AppiumLibrary">
<arg>${dash_mydealer_menu}</arg>
<doc>Tap element identified by ``locator``. </doc>
<status status="PASS" starttime="20220614 12:28:16.689" endtime="20220614 12:28:17.575"/>
</kw>
<kw name="Sleep" library="BuiltIn">
<arg>4</arg>
<doc>Pauses the test executed for the given time.</doc>
<msg timestamp="20220614 12:28:21.578" level="INFO">Slept 4 seconds</msg>
<status status="PASS" starttime="20220614 12:28:17.575" endtime="20220614 12:28:21.578"/>
</kw>
<status status="PASS" starttime="20220614 12:28:16.689" endtime="20220614 12:28:21.578"/>
</kw>
<kw name="TC_MyDealer_Roadside_Assitance" library="K_MyDealer">
<kw name="Tap" library="AppiumLibrary">
<arg>${my_dealer_btn_roadside}</arg>
<doc>Tap element identified by ``locator``. </doc>
<status status="PASS" starttime="20220614 12:28:21.579" endtime="20220614 12:28:21.999"/>
</kw>
<kw name="Sleep" library="BuiltIn">
<arg>4</arg>
<doc>Pauses the test executed for the given time.</doc>
<msg timestamp="20220614 12:28:26.001" level="INFO">Slept 4 seconds</msg>
<status status="PASS" starttime="20220614 12:28:21.999" endtime="20220614 12:28:26.002"/>
</kw>
<kw name="Go Back" library="AppiumLibrary">
<doc>Goes one step backward in the browser history.</doc>
<status status="PASS" starttime="20220614 12:28:26.002" endtime="20220614 12:28:26.112"/>
</kw>
<kw name="Sleep" library="BuiltIn">
<arg>4</arg>
<doc>Pauses the test executed for the given time.</doc>
<msg timestamp="20220614 12:28:30.112" level="INFO">Slept 4 seconds</msg>
<status status="PASS" starttime="20220614 12:28:26.112" endtime="20220614 12:28:30.113"/>
</kw>
<status status="PASS" starttime="20220614 12:28:21.579" endtime="20220614 12:28:30.113"/>
</kw>
<kw name="Close Application" library="AppiumLibrary">
<doc>Closes the current application and also close webdriver session.</doc>
<status status="PASS" starttime="20220614 12:28:30.113" endtime="20220614 12:28:30.513"/>
</kw>
<status status="PASS" starttime="20220614 12:27:39.231" endtime="20220614 12:28:30.513"/>
</test>
<status status="PASS" starttime="20220614 12:27:39.067" endtime="20220614 12:28:30.514"/>
</suite>
<statistics>
<total>
<stat pass="1" fail="0" skip="0">All Tests</stat>
</total>
<tag>
</tag>
<suite>
<stat pass="1" fail="0" skip="0" id="s1" name="Beta">Beta</stat>
</suite>
</statistics>
<errors>
</errors>
</robot>
